<?xml version="1.0" encoding="UTF-8"?>
<!-- Generated by org.testng.reporters.JUnitXMLReporter -->
<testsuite hostname="Pablo" ignored="0" name="Command line test" tests="1" failures="1" timestamp="15 дек 2017 17:30:42 GMT" time="0.043" errors="0">
  <testcase name="tgTest" time="0.007" classname="tests.testng.TgDoubleTest">
    <failure type="java.lang.AssertionError" message="The following asserts failed:
	Invalid tg() result expected [-10.0] but found [-0.96]">
      <![CDATA[java.lang.AssertionError: The following asserts failed:
	Invalid tg() result expected [-10.0] but found [-0.96]
	at tests.testng.TgDoubleTest.tgTest(TgDoubleTest.java:17)
	at runner.Main.main(Main.java:26)
... Removed 23 stack frames]]>
    </failure>
  </testcase> <!-- tgTest -->
</testsuite> <!-- Command line test -->
